<?xml version="1.0" encoding="UTF-8"?>
<testsuite name="tests.UserRestAssuredTests" tests="1" skipped="0" failures="0" errors="0" timestamp="2022-08-24T23:14:05" hostname="iMac-ipaparazzi" time="1.373">
  <properties/>
  <testcase name="userDeletePositiveTest" classname="tests.UserRestAssuredTests" time="1.373"/>
  <system-out><![CDATA[User was deleted, StatusCode: CODE200
-----------------------------------------
]]></system-out>
  <system-err><![CDATA[]]></system-err>
</testsuite>
