<?xml version="1.0" encoding="UTF-8"?>
<testsuite name="tests.ContactOkRegTests" tests="1" skipped="0" failures="0" errors="0" timestamp="2022-08-21T12:09:20" hostname="iMac-ipaparazzi" time="0.756">
  <properties/>
  <testcase name="loginNegativeTestWithInvalidEmail" classname="tests.ContactOkRegTests" time="0.756"/>
  <system-out><![CDATA[400
Password length need be 8 or more symbols
]]></system-out>
  <system-err><![CDATA[]]></system-err>
</testsuite>
